<?xml version="1.0" encoding="UTF-8"?>
<!-- Generated by org.testng.reporters.JUnitXMLReporter -->
<testsuite ignored="6" hostname="DESKTOP-JPBOFE2" failures="1" tests="11" name="Test" time="20.48" errors="0" timestamp="2021-08-04T12:09:58 BST">
  <testcase classname="expleo.challengingDom.footer.ChallengingDomFooterTest" name="test_footer_text" time="0.161"/>
  <testcase classname="expleo.challengingDom.header.ChallengingDomHeaderTest" name="verify_ChallengingDOM" time="0.193"/>
  <testcase classname="expleo.challengingDom.header.ChallengingDomHeaderTest" name="verify_Pagetitle" time="0.073"/>
  <testcase classname="expleo.challengingDom.footer.ChallengingDomFooterTest" name="test_footer_link" time="0.135"/>
  <testcase classname="expleo.challengingDom.header.ChallengingDomHeaderTest" name="verify_pageDescription" time="0.518"/>
  <testcase classname="expleo.challengingDom.OtherLinks.ChallengingDomOtherLinks" name="verify_Canvas" time="0.861"/>
  <testcase classname="expleo.challengingDom.Tests.ChallengingDomTests" name="test_delete_presents_at_all_table_rows" time="0.918"/>
  <testcase classname="expleo.challengingDom.OtherLinks.ChallengingDomOtherLinks" name="verify_GitHubLink" time="7.916">
    <failure type="java.lang.AssertionError" message="Pork me GitHub link is failed to click expected [https://github.com/saucelabs/the-internet] but found [https://the-internet.herokuapp.com/challenging_dom]">
      <![CDATA[java.lang.AssertionError: Pork me GitHub link is failed to click expected [https://github.com/saucelabs/the-internet] but found [https://the-internet.herokuapp.com/challenging_dom]
at expleo.challengingDom.OtherLinks.ChallengingDomOtherLinks.verify_GitHubLink(ChallengingDomOtherLinks.java:38)
at java.base/java.util.concurrent.ThreadPoolExecutor.runWorker(ThreadPoolExecutor.java:1130)
at java.base/java.util.concurrent.ThreadPoolExecutor$Worker.run(ThreadPoolExecutor.java:630)
at java.base/java.lang.Thread.run(Thread.java:831)
... Removed 17 stack frames]]>
    </failure>
  </testcase> <!-- verify_GitHubLink -->
  <testcase classname="expleo.challengingDom.Tests.ChallengingDomTests" name="test_edit_presents_at_all_table_rows" time="7.976"/>
  <testcase classname="expleo.challengingDom.Tests.ChallengingDomTests" name="test_table_headers" time="0.059"/>
  <testcase classname="expleo.challengingDom.Tests.ChallengingDomTests" name="test_table_size_should_be_10" time="0.022"/>
  <testcase classname="expleo.challengingDom.BaseTest.BaseTestCase" name="@BeforeTest Launch_App" time="0.0">
    <ignored/>
  </testcase> <!-- @BeforeTest Launch_App -->
  <testcase classname="expleo.challengingDom.BaseTest.BaseTestCase" name="@BeforeTest Launch_App" time="0.0">
    <ignored/>
  </testcase> <!-- @BeforeTest Launch_App -->
  <testcase classname="expleo.challengingDom.BaseTest.BaseTestCase" name="@BeforeTest Launch_App" time="0.0">
    <ignored/>
  </testcase> <!-- @BeforeTest Launch_App -->
  <testcase classname="expleo.challengingDom.BaseTest.BaseTestCase" name="@AfterTest Close_App" time="0.0">
    <ignored/>
  </testcase> <!-- @AfterTest Close_App -->
  <testcase classname="expleo.challengingDom.BaseTest.BaseTestCase" name="@AfterTest Close_App" time="0.0">
    <ignored/>
  </testcase> <!-- @AfterTest Close_App -->
  <testcase classname="expleo.challengingDom.BaseTest.BaseTestCase" name="@AfterTest Close_App" time="0.0">
    <ignored/>
  </testcase> <!-- @AfterTest Close_App -->
</testsuite> <!-- Test -->
