-------------------------------------------------------------------------------
Test set: TestSuite
-------------------------------------------------------------------------------
Tests run: 11, Failures: 1, Errors: 0, Skipped: 10, Time elapsed: 1.611 s <<< FAILURE! - in TestSuite
Launch_App(expleo.challengingDom.BaseTest.BaseTestCase)  Time elapsed: 1.256 s  <<< FAILURE!
java.lang.IllegalStateException: The path to the driver executable must be set by the webdriver.gecko.driver system property; for more information, see https://github.com/mozilla/geckodriver. The latest version can be downloaded from https://github.com/mozilla/geckodriver/releases
	at expleo.challengingDom.BaseTest.BaseTestCase.Launch_App(BaseTestCase.java:29)

